This is pdfTeX, Version 3.14159265-2.6-1.40.20 (MiKTeX 2.9.7250) (preloaded format=pdflatex 2020.1.22)  4 FEB 2020 19:01
entering extended mode
**./Book_Chapter_Entre.tex
(Book_Chapter_Entre.tex
LaTeX2e <2019-10-01> patch level 3
(/home/anne/.miktex/texmfs/install/tex/latex/apa6/apa6.cls
Document Class: apa6 2020/01/13 v2.34 APA formatting (6th edition)
(/home/anne/.miktex/texmfs/install/tex/latex/base/article.cls
Document Class: article 2019/10/25 v1.4k Standard LaTeX document class
(/home/anne/.miktex/texmfs/install/tex/latex/base/size12.clo
File: size12.clo 2019/10/25 v1.4k Standard LaTeX file (size option)
)
\c@part=\count80
\c@section=\count81
\c@subsection=\count82
\c@subsubsection=\count83
\c@paragraph=\count84
\c@subparagraph=\count85
\c@figure=\count86
\c@table=\count87
\abovecaptionskip=\skip41
\belowcaptionskip=\skip42
\bibindent=\dimen102
)
(/home/anne/.miktex/texmfs/install/tex/latex/apacite/apacite.sty
Package: apacite 2013/07/21 v6.03 APA citation
\c@BibCnt=\count88
\bibleftmargin=\skip43
\bibindent=\skip44
\bibparsep=\skip45
\bibitemsep=\skip46
\biblabelsep=\skip47
)
(/home/anne/.miktex/texmfs/install/tex/latex/natbib/natbib.sty
Package: natbib 2010/09/13 8.31b (PWD, AO)
\bibhang=\skip48
\bibsep=\skip49
LaTeX Info: Redefining \cite on input line 694.
\c@NAT@ctr=\count89
)
LaTeX Info: Redefining \BBA on input line 213.
Class apa6 Info: The selected bibliography package, apacite and natbib, have be
en loaded on input line 213.

(/home/anne/.miktex/texmfs/install/tex/latex/lm/lmodern.sty
Package: lmodern 2009/10/30 v1.6 Latin Modern Fonts
LaTeX Font Info:    Overwriting symbol font `operators' in version `normal'
(Font)                  OT1/cmr/m/n --> OT1/lmr/m/n on input line 22.
LaTeX Font Info:    Overwriting symbol font `letters' in version `normal'
(Font)                  OML/cmm/m/it --> OML/lmm/m/it on input line 23.
LaTeX Font Info:    Overwriting symbol font `symbols' in version `normal'
(Font)                  OMS/cmsy/m/n --> OMS/lmsy/m/n on input line 24.
LaTeX Font Info:    Overwriting symbol font `largesymbols' in version `normal'
(Font)                  OMX/cmex/m/n --> OMX/lmex/m/n on input line 25.
LaTeX Font Info:    Overwriting symbol font `operators' in version `bold'
(Font)                  OT1/cmr/bx/n --> OT1/lmr/bx/n on input line 26.
LaTeX Font Info:    Overwriting symbol font `letters' in version `bold'
(Font)                  OML/cmm/b/it --> OML/lmm/b/it on input line 27.
LaTeX Font Info:    Overwriting symbol font `symbols' in version `bold'
(Font)                  OMS/cmsy/b/n --> OMS/lmsy/b/n on input line 28.
LaTeX Font Info:    Overwriting symbol font `largesymbols' in version `bold'
(Font)                  OMX/cmex/m/n --> OMX/lmex/m/n on input line 29.
LaTeX Font Info:    Overwriting math alphabet `\mathbf' in version `normal'
(Font)                  OT1/cmr/bx/n --> OT1/lmr/bx/n on input line 31.
LaTeX Font Info:    Overwriting math alphabet `\mathsf' in version `normal'
(Font)                  OT1/cmss/m/n --> OT1/lmss/m/n on input line 32.
LaTeX Font Info:    Overwriting math alphabet `\mathit' in version `normal'
(Font)                  OT1/cmr/m/it --> OT1/lmr/m/it on input line 33.
LaTeX Font Info:    Overwriting math alphabet `\mathtt' in version `normal'
(Font)                  OT1/cmtt/m/n --> OT1/lmtt/m/n on input line 34.
LaTeX Font Info:    Overwriting math alphabet `\mathbf' in version `bold'
(Font)                  OT1/cmr/bx/n --> OT1/lmr/bx/n on input line 35.
LaTeX Font Info:    Overwriting math alphabet `\mathsf' in version `bold'
(Font)                  OT1/cmss/bx/n --> OT1/lmss/bx/n on input line 36.
LaTeX Font Info:    Overwriting math alphabet `\mathit' in version `bold'
(Font)                  OT1/cmr/bx/it --> OT1/lmr/bx/it on input line 37.
LaTeX Font Info:    Overwriting math alphabet `\mathtt' in version `bold'
(Font)                  OT1/cmtt/m/n --> OT1/lmtt/m/n on input line 38.
)
(/home/anne/.miktex/texmfs/install/tex/latex/base/fontenc.sty
Package: fontenc 2018/08/11 v2.0j Standard LaTeX package

(/home/anne/.miktex/texmfs/install/tex/latex/base/t1enc.def
File: t1enc.def 2018/08/11 v2.0j Standard LaTeX file
LaTeX Font Info:    Redeclaring font encoding T1 on input line 48.
))
(/home/anne/.miktex/texmfs/install/tex/latex/geometry/geometry.sty
Package: geometry 2020/01/02 v5.9 Page Geometry

(/home/anne/.miktex/texmfs/install/tex/latex/graphics/keyval.sty
Package: keyval 2014/10/28 v1.15 key=value parser (DPC)
\KV@toks@=\toks14
)
(/home/anne/.miktex/texmfs/install/tex/generic/iftex/ifvtex.sty
Package: ifvtex 2019/10/25 v1.7 ifvtex legacy package. Use iftex instead.

(/home/anne/.miktex/texmfs/install/tex/generic/iftex/iftex.sty
Package: iftex 2019/11/07 v1.0c TeX engine tests
))
\Gm@cnth=\count90
\Gm@cntv=\count91
\c@Gm@tempcnt=\count92
\Gm@bindingoffset=\dimen103
\Gm@wd@mp=\dimen104
\Gm@odd@mp=\dimen105
\Gm@even@mp=\dimen106
\Gm@layoutwidth=\dimen107
\Gm@layoutheight=\dimen108
\Gm@layouthoffset=\dimen109
\Gm@layoutvoffset=\dimen110
\Gm@dimlist=\toks15

(/home/anne/.miktex/texmfs/install/tex/latex/geometry/geometry.cfg))
(/home/anne/.miktex/texmfs/install/tex/latex/graphics/graphicx.sty
Package: graphicx 2017/06/01 v1.1a Enhanced LaTeX Graphics (DPC,SPQR)

(/home/anne/.miktex/texmfs/install/tex/latex/graphics/graphics.sty
Package: graphics 2019/11/01 v1.3d Standard LaTeX Graphics (DPC,SPQR)

(/home/anne/.miktex/texmfs/install/tex/latex/graphics/trig.sty
Package: trig 2016/01/03 v1.10 sin cos tan (DPC)
)
(/home/anne/.miktex/texmfs/install/tex/latex/graphics-cfg/graphics.cfg
File: graphics.cfg 2016/06/04 v1.11 sample graphics configuration
)
Package graphics Info: Driver file: pdftex.def on input line 105.

(/home/anne/.miktex/texmfs/install/tex/latex/graphics-def/pdftex.def
File: pdftex.def 2018/01/08 v1.0l Graphics/color driver for pdftex
))
\Gin@req@height=\dimen111
\Gin@req@width=\dimen112
)
(/home/anne/.miktex/texmfs/install/tex/latex/booktabs/booktabs.sty
Package: booktabs 2020/01/12 v1.61803398 Publication quality tables
\heavyrulewidth=\dimen113
\lightrulewidth=\dimen114
\cmidrulewidth=\dimen115
\belowrulesep=\dimen116
\belowbottomsep=\dimen117
\aboverulesep=\dimen118
\abovetopsep=\dimen119
\cmidrulesep=\dimen120
\cmidrulekern=\dimen121
\defaultaddspace=\dimen122
\@cmidla=\count93
\@cmidlb=\count94
\@aboverulesep=\dimen123
\@belowrulesep=\dimen124
\@thisruleclass=\count95
\@lastruleclass=\count96
\@thisrulewidth=\dimen125
)
(/home/anne/.miktex/texmfs/install/tex/latex/threeparttable/threeparttable.sty
Package: threeparttable 2003/06/13  v 3.0
\@tempboxb=\box27
)
\b@level@one@skip=\skip50
\e@level@one@skip=\skip51
\b@level@two@skip=\skip52
\e@level@two@skip=\skip53
\b@level@three@skip=\skip54
\e@level@three@skip=\skip55
\b@level@four@skip=\skip56
\e@level@four@skip=\skip57
\b@level@five@skip=\skip58
\e@level@five@skip=\skip59
(/home/anne/.miktex/texmfs/install/tex/latex/caption/caption.sty
Package: caption 2020/01/03 v3.4h Customizing captions (AR)

(/home/anne/.miktex/texmfs/install/tex/latex/caption/caption3.sty
Package: caption3 2020/01/03 v1.8h caption3 kernel (AR)
Package caption3 Info: TeX engine: e-TeX on input line 61.
\captionmargin=\dimen126
\captionmargin@=\dimen127
\captionwidth=\dimen128
\caption@tempdima=\dimen129
\caption@indent=\dimen130
\caption@parindent=\dimen131
\caption@hangindent=\dimen132
Package caption Info: Standard document class detected.
)
\c@caption@flags=\count97
\c@continuedfloat=\count98
Package caption Info: threeparttable package is loaded.
)
\c@APAenum=\count99
\@text@par@indent=\skip60
\gr@box=\box28
\gr@boxwidth=\skip61
\gr@boxheight=\skip62

(/home/anne/.miktex/texmfs/install/tex/latex/tools/bm.sty
Package: bm 2019/07/24 v1.2d Bold Symbol Support (DPC/FMi)
\symboldoperators=\mathgroup4
\symboldletters=\mathgroup5
\symboldsymbols=\mathgroup6
LaTeX Font Info:    Redeclaring math alphabet \mathbf on input line 141.
LaTeX Info: Redefining \bm on input line 209.
)
\c@appendix=\count100

(/home/anne/.miktex/texmfs/install/tex/latex/fancyhdr/fancyhdr.sty
Package: fancyhdr 2019/01/31 v3.10 Extensive control of page headers and footer
s
\f@nch@headwidth=\skip63
\f@nch@O@elh=\skip64
\f@nch@O@erh=\skip65
\f@nch@O@olh=\skip66
\f@nch@O@orh=\skip67
\f@nch@O@elf=\skip68
\f@nch@O@erf=\skip69
\f@nch@O@olf=\skip70
\f@nch@O@orf=\skip71
)
(/home/anne/.miktex/texmfs/install/tex/latex/endfloat/endfloat.sty
Package: endfloat 2019/04/15 v2.7 LaTeX2e package puts figures and tables at en
d (jdm)
\c@posttable=\count101
\efloat@postttt=\write3
\@ef@tttopen=\count102
\c@postfigure=\count103
\efloat@postfff=\write4
\@ef@fffopen=\count104
)
(/home/anne/.miktex/texmfs/install/tex/latex/etoolbox/etoolbox.sty
Package: etoolbox 2019/09/21 v2.5h e-TeX tools for LaTeX (JAW)
\etb@tempcnta=\count105
))
(/home/anne/.miktex/texmfs/install/tex/generic/babel/babel.sty
Package: babel 2020/01/15 3.38 The Babel package

(/home/anne/.miktex/texmfs/install/tex/generic/babel/switch.def
File: switch.def 2020/01/15 3.38 Babel switching mechanism
)
*************************************
* Local config file bblopts.cfg used
*
(/home/anne/.miktex/texmfs/install/tex/latex/arabi/bblopts.cfg
File: bblopts.cfg 2005/09/08 v0.1 add Arabic and Farsi to "declared" options of
 babel
)
(/home/anne/.miktex/texmfs/install/tex/latex/babel-english/english.ldf
Language: english 2017/06/06 v3.3r English support from the babel system

(/home/anne/.miktex/texmfs/install/tex/generic/babel/babel.def
File: babel.def 2020/01/15 3.38 Babel common definitions
\babel@savecnt=\count106
\U@D=\dimen133

(/home/anne/.miktex/texmfs/install/tex/generic/babel/txtbabel.def)
\bbl@readstream=\read1
\bbl@dirlevel=\count107
)))
(/home/anne/.miktex/texmfs/install/tex/latex/base/inputenc.sty
Package: inputenc 2018/08/11 v1.3c Input encoding file
\inpenc@prehook=\toks16
\inpenc@posthook=\toks17

(/home/anne/.miktex/texmfs/install/tex/latex/ucs/utf8x.def
File: utf8x.def 2004/10/17 UCS: Input encoding UTF-8
))
(/home/anne/.miktex/texmfs/install/tex/latex/ucs/ucs.sty
Package: ucs 2013/05/11 v2.2 UCS: Unicode input support

(/home/anne/.miktex/texmfs/install/tex/latex/ucs/uni-global.def
File: uni-global.def 2013/05/13 UCS: Unicode global data
)
\uc@secondtry=\count108
\uc@combtoks=\toks18
\uc@combtoksb=\toks19
\uc@temptokena=\toks20
)
No file Book_Chapter_Entre.aux.
\openout1 = `Book_Chapter_Entre.aux'.

LaTeX Font Info:    Checking defaults for OML/cmm/m/it on input line 17.
LaTeX Font Info:    ... okay on input line 17.
LaTeX Font Info:    Checking defaults for T1/cmr/m/n on input line 17.
LaTeX Font Info:    ... okay on input line 17.
LaTeX Font Info:    Checking defaults for OT1/cmr/m/n on input line 17.
LaTeX Font Info:    ... okay on input line 17.
LaTeX Font Info:    Checking defaults for OMS/cmsy/m/n on input line 17.
LaTeX Font Info:    ... okay on input line 17.
LaTeX Font Info:    Checking defaults for OMX/cmex/m/n on input line 17.
LaTeX Font Info:    ... okay on input line 17.
LaTeX Font Info:    Checking defaults for U/cmr/m/n on input line 17.
LaTeX Font Info:    ... okay on input line 17.
LaTeX Font Info:    Trying to load font information for T1+lmr on input line 17
.
(/home/anne/.miktex/texmfs/install/tex/latex/lm/t1lmr.fd
File: t1lmr.fd 2009/10/30 v1.6 Font defs for Latin Modern
)
\c@maskedRefs=\count109

(/home/anne/.miktex/texmfs/install/tex/latex/apacite/english.apc
File: english.apc 2013/07/21 v6.03 apacite language file
LaTeX Info: Redefining \BPBI on input line 129.
LaTeX Info: Redefining \BHBI on input line 130.
)
*geometry* driver: auto-detecting
*geometry* detected driver: pdftex
*geometry* verbose mode - [ preamble ] result:
* driver: pdftex
* paper: a4paper
* layout: <same size as paper>
* layoutoffset:(h,v)=(0.0pt,0.0pt)
* modes: twoside 
* h-part:(L,W,R)=(72.26999pt, 452.9679pt, 72.26999pt)
* v-part:(T,H,B)=(72.26999pt, 700.50687pt, 72.26999pt)
* \paperwidth=597.50787pt
* \paperheight=845.04684pt
* \textwidth=452.9679pt
* \textheight=700.50687pt
* \oddsidemargin=0.0pt
* \evensidemargin=0.0pt
* \topmargin=-37.0pt
* \headheight=15.2pt
* \headsep=25.0pt
* \topskip=12.0pt
* \footskip=30.0pt
* \marginparwidth=95.0pt
* \marginparsep=10.0pt
* \columnsep=10.0pt
* \skip\footins=10.8pt plus 4.0pt minus 2.0pt
* \hoffset=0.0pt
* \voffset=0.0pt
* \mag=1000
* \@twocolumnfalse
* \@twosidetrue
* \@mparswitchtrue
* \@reversemarginfalse
* (1in=72.27pt=25.4mm, 1cm=28.453pt)

(/home/anne/.miktex/texmfs/install/tex/context/base/mkii/supp-pdf.mkii
[Loading MPS to PDF converter (version 2006.09.02).]
\scratchcounter=\count110
\scratchdimen=\dimen134
\scratchbox=\box29
\nofMPsegments=\count111
\nofMParguments=\count112
\everyMPshowfont=\toks21
\MPscratchCnt=\count113
\MPscratchDim=\dimen135
\MPnumerator=\count114
\makeMPintoPDFobject=\count115
\everyMPtoPDFconversion=\toks22
) (/home/anne/.miktex/texmfs/install/tex/latex/epstopdf-pkg/epstopdf-base.sty
Package: epstopdf-base 2019-12-09 v2.10 Base part for package epstopdf
Package epstopdf-base Info: Redefining graphics rule for `.eps' on input line 4
85.
)
(/home/anne/.miktex/texmfs/install/tex/latex/apa6/config/APAamerican.txt
File: APAamerican.txt 2012/02/23 v1.25 apa6 configuration for American English
)
Package caption Info: Begin \AtBeginDocument code.
Package caption Info: End \AtBeginDocument code.

(/home/anne/.miktex/texmfs/install/tex/latex/ucs/ucsencs.def
File: ucsencs.def 2011/01/21 Fixes to fontencodings LGR, T3
)
Class apa6 Info: Keywords not defined on input line 18.
 [1{/home/anne/.miktex/texmfs/data/pdftex/config/pdftex.map}

] [2]
(/home/anne/.miktex/texmfs/install/tex/latex/ucs/uni-32.def
File: uni-32.def 2013/05/13 UCS: Unicode data U+2000..U+20FF
)

Package natbib Warning: Citation `Acs.1988' on page 3 undefined on input line 2
2.


Package natbib Warning: Citation `Schumpeter.1934' on page 3 undefined on input
 line 22.


Package natbib Warning: Citation `Certo2008' on page 3 undefined on input line 
23.


Package natbib Warning: Citation `Stephan2018' on page 3 undefined on input lin
e 23.


Package natbib Warning: Citation `Wiklund2019' on page 3 undefined on input lin
e 23.


Package natbib Warning: Citation `Wiklund2019' on page 3 undefined on input lin
e 26.


Package natbib Warning: Citation `Stephan2018' on page 3 undefined on input lin
e 28.


Package natbib Warning: Citation `Stephan.2018' on page 3 undefined on input li
ne 30.


Package natbib Warning: Citation `Shir.2019' on page 3 undefined on input line 
30.


Package natbib Warning: Citation `Carter2011' on page 3 undefined on input line
 30.


Package natbib Warning: Citation `Baron2008' on page 3 undefined on input line 
30.


Package natbib Warning: Citation `Aldwin1987' on page 3 undefined on input line
 31.


Package natbib Warning: Citation `Wiklund2019' on page 3 undefined on input lin
e 32.


Package natbib Warning: Citation `Cardon2008' on page 3 undefined on input line
 33.


Package natbib Warning: Citation `Aguinis2019' on page 3 undefined on input lin
e 33.


Package natbib Warning: Citation `WEAVER1978' on page 3 undefined on input line
 34.


Package natbib Warning: Citation `Unanue2017' on page 3 undefined on input line
 34.


Package natbib Warning: Citation `Diener2011' on page 3 undefined on input line
 34.


Package natbib Warning: Citation `VanDeVoorde2012' on page 3 undefined on input
 line 34.


Package natbib Warning: Citation `Deci2008' on page 3 undefined on input line 3
6.


Package natbib Warning: Citation `Deci2008' on page 3 undefined on input line 3
7.


Package natbib Warning: Citation `Wiklund2019' on page 3 undefined on input lin
e 38.


Package natbib Warning: Citation `Wiklund2019' on page 3 undefined on input lin
e 40.


Package natbib Warning: Citation `Wiklund2019' on page 3 undefined on input lin
e 41.

[3]

Package natbib Warning: Citation `Hahn2012' on page 4 undefined on input line 4
3.


Package natbib Warning: Citation `Moroz2012' on page 4 undefined on input line 
46.


Package natbib Warning: Citation `Gorgievski2016a' on page 4 undefined on input
 line 57.


Package natbib Warning: Citation `VanPraag2007' on page 4 undefined on input li
ne 57.


Package natbib Warning: Citation `Drucker2014' on page 4 undefined on input lin
e 58.


Package natbib Warning: Citation `Shane2000' on page 4 undefined on input line 
59.


Underfull \vbox (badness 10000) has occurred while \output is active []

 [4]

Package natbib Warning: Citation `Bird1988' on page 5 undefined on input line 6
4.


Package natbib Warning: Citation `Rauch2007' on page 5 undefined on input line 
64.


Package natbib Warning: Citation `Obschonka2017' on page 5 undefined on input l
ine 64.


Package natbib Warning: Citation `Cunningham1991' on page 5 undefined on input 
line 65.


Package natbib Warning: Citation `Cunningham1991' on page 5 undefined on input 
line 66.


Package natbib Warning: Citation `Cunningham1991' on page 5 undefined on input 
line 67.


Package natbib Warning: Citation `Zhao2006' on page 5 undefined on input line 6
9.


Package natbib Warning: Citation `Brandstatter2011' on page 5 undefined on inpu
t line 70.


Package natbib Warning: Citation `Obschonka2017' on page 5 undefined on input l
ine 71.


Package natbib Warning: Citation `Obschonka2017' on page 5 undefined on input l
ine 73.


Underfull \vbox (badness 3792) has occurred while \output is active []

 [5]

Package natbib Warning: Citation `Obschonka2017' on page 6 undefined on input l
ine 77.


Package natbib Warning: Citation `Obschonka2017' on page 6 undefined on input l
ine 80.


Package natbib Warning: Citation `Audretsch2012' on page 6 undefined on input l
ine 82.


Package natbib Warning: Citation `Audretsch2012' on page 6 undefined on input l
ine 83.


Package natbib Warning: Citation `Acs2006' on page 6 undefined on input line 85
.


Package natbib Warning: Citation `Acs2014' on page 6 undefined on input line 88
.


Package natbib Warning: Citation `Galindo2014' on page 6 undefined on input lin
e 91.


Package natbib Warning: Citation `Marcotte2013' on page 6 undefined on input li
ne 91.


Package natbib Warning: Citation `Spencer2004' on page 6 undefined on input lin
e 91.


Underfull \vbox (badness 10000) has occurred while \output is active []

 [6]

Package natbib Warning: Citation `Gartner1988' on page 7 undefined on input lin
e 93.


Package natbib Warning: Citation `Lumpkin1996' on page 7 undefined on input lin
e 93.


Package natbib Warning: Citation `Covin1991' on page 7 undefined on input line 
93.


Package natbib Warning: Citation `Gartner1988' on page 7 undefined on input lin
e 94.


Package natbib Warning: Citation `Gartner1988' on page 7 undefined on input lin
e 95.


Package natbib Warning: Citation `Gartner1988' on page 7 undefined on input lin
e 96.


Package natbib Warning: Citation `Gartner1988' on page 7 undefined on input lin
e 97.


Package natbib Warning: Citation `Gartner2005' on page 7 undefined on input lin
e 98.


Package natbib Warning: Citation `Gartner2005' on page 7 undefined on input lin
e 100.


Package natbib Warning: Citation `Gatewood1995' on page 7 undefined on input li
ne 101.


Package natbib Warning: Citation `Covin1991a' on page 7 undefined on input line
 102.


Underfull \vbox (badness 10000) has occurred while \output is active []

 [7]

Package natbib Warning: Citation `Diener2000' on page 8 undefined on input line
 105.


Package natbib Warning: Citation `Deci2008' on page 8 undefined on input line 1
06.


Package natbib Warning: Citation `Deci2008' on page 8 undefined on input line 1
07.


Package natbib Warning: Citation `Ryan2001' on page 8 undefined on input line 1
07.


Package natbib Warning: Citation `Diener2002' on page 8 undefined on input line
 112.


Package natbib Warning: Citation `Diener2002' on page 8 undefined on input line
 114.


Package natbib Warning: Citation `Keyes2002' on page 8 undefined on input line 
116.


Package natbib Warning: Citation `Keyes2002' on page 8 undefined on input line 
116.


Package natbib Warning: Citation `Keyes2002' on page 8 undefined on input line 
118.


Package natbib Warning: Citation `Wiklund2019' on page 8 undefined on input lin
e 121.


Package natbib Warning: Citation `Stephan2018' on page 8 undefined on input lin
e 123.


Package natbib Warning: Citation `Wiklund2019' on page 8 undefined on input lin
e 124.


Package natbib Warning: Citation `Wiklund2019' on page 8 undefined on input lin
e 124.


Underfull \vbox (badness 3568) has occurred while \output is active []

 [8]

Package natbib Warning: Citation `Diener2002' on page 9 undefined on input line
 128.

[9]

Package natbib Warning: Citation `Baron.2002' on page 10 undefined on input lin
e 144.


Package natbib Warning: Citation `vanGelderen.2005' on page 10 undefined on inp
ut line 144.


Package natbib Warning: Citation `Bosma.2019' on page 10 undefined on input lin
e 144.


Package natbib Warning: Citation `Rotefoss.2005' on page 10 undefined on input 
line 144.


Package natbib Warning: Citation `Rotefoss.2005' on page 10 undefined on input 
line 144.


Package natbib Warning: Citation `Reynolds.1992' on page 10 undefined on input 
line 144.


Underfull \vbox (badness 10000) has occurred while \output is active []

 [10]

Package natbib Warning: Citation `Venkataraman.2019' on page 11 undefined on in
put line 150.


Package natbib Warning: Citation `Baron2006' on page 11 undefined on input line
 150.


Package natbib Warning: Citation `Hisrich1990' on page 11 undefined on input li
ne 156.


Package natbib Warning: Citation `Crant1996' on page 11 undefined on input line
 159.


Package natbib Warning: Citation `Hahn2012' on page 11 undefined on input line 
159.

[11]

Package natbib Warning: Citation `Dess1999' on page 12 undefined on input line 
161.


Package natbib Warning: Citation `Hahn2012' on page 12 undefined on input line 
163.


Package natbib Warning: Citation `Bledow2009' on page 12 undefined on input lin
e 163.

No file Book_Chapter_Entre.bbl.

Package natbib Warning: There were undefined citations.

AED endfloat: Processing end Figures and Tables [12] (Book_Chapter_Entre.aux) )
 
Here is how much of TeX's memory you used:
 5899 strings out of 494410
 83796 string characters out of 3174536
 175516 words of memory out of 3000000
 9938 multiletter control sequences out of 15000+200000
 19232 words of font info for 20 fonts, out of 3000000 for 9000
 0 hyphenation exceptions out of 8191
 49i,11n,51p,1897b,254s stack positions out of 5000i,500n,10000p,200000b,50000s
{/home/anne/.miktex/texmfs/install/fonts/enc/dvips/lm/lm-ec.enc}</home/anne/.mi
ktex/texmfs/install/fonts/type1/public/lm/lmbx12.pfb></home/anne/.miktex/texmfs
/install/fonts/type1/public/lm/lmbxi10.pfb></home/anne/.miktex/texmfs/install/f
onts/type1/public/lm/lmr12.pfb></home/anne/.miktex/texmfs/install/fonts/type1/p
ublic/lm/lmri12.pfb>
Output written on Book_Chapter_Entre.pdf (12 pages, 114159 bytes).
PDF statistics:
 58 PDF objects out of 1000 (max. 8388607)
 0 named destinations out of 1000 (max. 500000)
 1 words of extra memory for PDF output out of 10000 (max. 10000000)

